<?xml version="1.0" encoding="UTF-8"?>
<!-- Generated by org.testng.reporters.JUnitReportReporter -->
<testsuite skipped="0" hostname="AUTOMATION-LAB" name="com.pratice.restAssured.DemoDELETErequest" tests="1" failures="0" timestamp="31 Jul 2021 11:13:05 GMT" time="1.653" errors="0">
  <testcase name="checkDelete" time="1.653" classname="com.pratice.restAssured.DemoDELETErequest"/>
</testsuite> <!-- com.pratice.restAssured.DemoDELETErequest -->
