<?xml version="1.0" encoding="UTF-8"?>
<!-- Generated by org.testng.reporters.JUnitReportReporter -->
<testsuite skipped="0" hostname="AUTOMATION-LAB" name="com.api.testScripts.FetchAllStudentTest" tests="1" failures="0" timestamp="14 Aug 2021 10:12:42 GMT" time="1.711" errors="0">
  <testcase name="getAllStudent" time="1.711" classname="com.api.testScripts.FetchAllStudentTest"/>
</testsuite> <!-- com.api.testScripts.FetchAllStudentTest -->
