<?xml version="1.0" encoding="UTF-8"?>
<!-- Generated by org.testng.reporters.JUnitReportReporter -->
<testsuite skipped="0" hostname="AUTOMATION-LAB" name="com.pratice.restAssured.DemoPatchFromPOJO" tests="1" failures="0" timestamp="31 Jul 2021 11:14:22 GMT" time="2.062" errors="0">
  <testcase name="checkPostPojo" time="2.062" classname="com.pratice.restAssured.DemoPatchFromPOJO"/>
</testsuite> <!-- com.pratice.restAssured.DemoPatchFromPOJO -->
