<?xml version="1.0" encoding="UTF-8"?>
<!-- Generated by org.testng.reporters.JUnitReportReporter -->
<testsuite skipped="0" hostname="AUTOMATION-LAB" name="com.pratice.restAssured.DempPOSTThroughMap" tests="1" failures="0" timestamp="31 Jul 2021 10:19:17 GMT" time="2.081" errors="0">
  <testcase name="checkPostMap" time="2.081" classname="com.pratice.restAssured.DempPOSTThroughMap"/>
</testsuite> <!-- com.pratice.restAssured.DempPOSTThroughMap -->
