<?xml version="1.0" encoding="UTF-8"?>
<!-- Generated by org.testng.reporters.JUnitReportReporter -->
<testsuite skipped="0" hostname="AUTOMATION-LAB" name="com.pratice.restAssured.AuthIInAPIS" tests="1" failures="0" timestamp="14 Aug 2021 09:44:34 GMT" time="3.918" errors="0">
  <testcase name="tokenAuthentication" time="3.918" classname="com.pratice.restAssured.AuthIInAPIS"/>
</testsuite> <!-- com.pratice.restAssured.AuthIInAPIS -->
