<?xml version="1.0" encoding="UTF-8"?>
<!-- Generated by org.testng.reporters.JUnitReportReporter -->
<testsuite skipped="0" hostname="AUTOMATION-LAB" name="com.pratice.restAssured.DemoPostByPOJO" tests="1" failures="0" timestamp="31 Jul 2021 11:13:16 GMT" time="1.987" errors="0">
  <testcase name="checkPostPojo" time="1.987" classname="com.pratice.restAssured.DemoPostByPOJO"/>
</testsuite> <!-- com.pratice.restAssured.DemoPostByPOJO -->
