<?xml version="1.0" encoding="UTF-8"?>
<!-- Generated by org.testng.reporters.JUnitReportReporter -->
<testsuite skipped="0" hostname="AUTOMATION-LAB" name="com.pratice.restAssured.DemoPostThroughFile" tests="1" failures="0" timestamp="31 Jul 2021 10:31:23 GMT" time="1.714" errors="0">
  <testcase name="checkPostJsonFile" time="1.714" classname="com.pratice.restAssured.DemoPostThroughFile"/>
</testsuite> <!-- com.pratice.restAssured.DemoPostThroughFile -->
