<?xml version="1.0" encoding="UTF-8"?>
<!-- Generated by org.testng.reporters.JUnitReportReporter -->
<testsuite skipped="0" hostname="AUTOMATION-LAB" name="com.pratice.restAssured.AuthenticationInAPIs" tests="1" failures="0" timestamp="14 Aug 2021 09:05:21 GMT" time="3.505" errors="0">
  <testcase name="basicAuthentication" time="3.505" classname="com.pratice.restAssured.AuthenticationInAPIs"/>
</testsuite> <!-- com.pratice.restAssured.AuthenticationInAPIs -->
